<?xml version="1.0" encoding="UTF-8"?>
<!-- Generated by org.testng.reporters.JUnitXMLReporter -->
<testsuite ignored="0" hostname="DESKTOP-TRIVF0G" failures="0" tests="3" name="regretion" time="36.427" errors="0" timestamp="2021-12-21T17:24:48 CST">
  <testcase classname="PeopleNtech.Automationtraining.SigninAmazon" name="verificationOfText" time="1.586"/>
  <testcase classname="PeopleNtech.Automationtraining.SigninAmazon" name="f" time="3.107"/>
  <testcase classname="PeopleNtech.Automationtraining.SignUpFb" name="f" time="1.348"/>
</testsuite> <!-- regretion -->
