<?xml version="1.0" encoding="UTF-8"?>
<testng-results ignored="0" total="4" passed="4" failed="0" skipped="0">
  <reporter-output>
  </reporter-output>
  <suite started-at="2021-12-22T18:51:35 CST" name="Adhoc" finished-at="2021-12-22T18:52:52 CST" duration-ms="77568">
    <groups>
    </groups>
    <test started-at="2021-12-22T18:51:35 CST" name="regretionOfChrome" finished-at="2021-12-22T18:52:16 CST" duration-ms="41194">
      <class name="PeopleNtech.Automationtraining.FindElements">
        <test-method is-config="true" signature="beforeMethod(java.lang.String,java.lang.String)[pri:0, instance:PeopleNtech.Automationtraining.FindElements@378542de]" started-at="2021-12-22T18:51:35 CST" name="beforeMethod" finished-at="2021-12-22T18:51:37 CST" duration-ms="2326" status="PASS">
          <params>
            <param index="0">
              <value>
                <![CDATA[Chrome]]>
              </value>
            </param>
            <param index="1">
              <value>
                <![CDATA[https://www.facebook.com/]]>
              </value>
            </param>
          </params>
          <reporter-output>
          </reporter-output>
        </test-method> <!-- beforeMethod -->
        <test-method signature="f()[pri:0, instance:PeopleNtech.Automationtraining.FindElements@378542de]" started-at="2021-12-22T18:51:37 CST" name="f" finished-at="2021-12-22T18:51:38 CST" duration-ms="736" status="PASS">
          <reporter-output>
          </reporter-output>
        </test-method> <!-- f -->
        <test-method is-config="true" signature="afterMethod()[pri:0, instance:PeopleNtech.Automationtraining.FindElements@378542de]" started-at="2021-12-22T18:51:38 CST" name="afterMethod" finished-at="2021-12-22T18:51:48 CST" duration-ms="10097" status="PASS">
          <reporter-output>
          </reporter-output>
        </test-method> <!-- afterMethod -->
        <test-method is-config="true" signature="beforeMethod(java.lang.String,java.lang.String)[pri:0, instance:PeopleNtech.Automationtraining.FindElements@378542de]" started-at="2021-12-22T18:51:48 CST" name="beforeMethod" finished-at="2021-12-22T18:51:50 CST" duration-ms="1625" status="PASS">
          <params>
            <param index="0">
              <value>
                <![CDATA[Chrome]]>
              </value>
            </param>
            <param index="1">
              <value>
                <![CDATA[https://www.facebook.com/]]>
              </value>
            </param>
          </params>
          <reporter-output>
          </reporter-output>
        </test-method> <!-- beforeMethod -->
        <test-method signature="proprtisOfMethod()[pri:0, instance:PeopleNtech.Automationtraining.FindElements@378542de]" started-at="2021-12-22T18:51:50 CST" name="proprtisOfMethod" finished-at="2021-12-22T18:51:56 CST" duration-ms="6313" status="PASS">
          <reporter-output>
          </reporter-output>
        </test-method> <!-- proprtisOfMethod -->
        <test-method is-config="true" signature="afterMethod()[pri:0, instance:PeopleNtech.Automationtraining.FindElements@378542de]" started-at="2021-12-22T18:52:06 CST" name="afterMethod" finished-at="2021-12-22T18:52:16 CST" duration-ms="10116" status="PASS">
          <reporter-output>
          </reporter-output>
        </test-method> <!-- afterMethod -->
      </class> <!-- PeopleNtech.Automationtraining.FindElements -->
    </test> <!-- regretionOfChrome -->
    <test started-at="2021-12-22T18:52:16 CST" name="regretionOfEdge" finished-at="2021-12-22T18:52:52 CST" duration-ms="36325">
      <class name="PeopleNtech.Automationtraining.FindElements">
        <test-method is-config="true" signature="beforeMethod(java.lang.String,java.lang.String)[pri:0, instance:PeopleNtech.Automationtraining.FindElements@7fee8714]" started-at="2021-12-22T18:52:16 CST" name="beforeMethod" finished-at="2021-12-22T18:52:20 CST" duration-ms="3516" status="PASS">
          <params>
            <param index="0">
              <value>
                <![CDATA[Edge]]>
              </value>
            </param>
            <param index="1">
              <value>
                <![CDATA[https://www.facebook.com/]]>
              </value>
            </param>
          </params>
          <reporter-output>
          </reporter-output>
        </test-method> <!-- beforeMethod -->
        <test-method signature="f()[pri:0, instance:PeopleNtech.Automationtraining.FindElements@7fee8714]" started-at="2021-12-22T18:52:20 CST" name="f" finished-at="2021-12-22T18:52:20 CST" duration-ms="755" status="PASS">
          <reporter-output>
          </reporter-output>
        </test-method> <!-- f -->
        <test-method is-config="true" signature="afterMethod()[pri:0, instance:PeopleNtech.Automationtraining.FindElements@7fee8714]" started-at="2021-12-22T18:52:20 CST" name="afterMethod" finished-at="2021-12-22T18:52:27 CST" duration-ms="6151" status="PASS">
          <reporter-output>
          </reporter-output>
        </test-method> <!-- afterMethod -->
        <test-method is-config="true" signature="beforeMethod(java.lang.String,java.lang.String)[pri:0, instance:PeopleNtech.Automationtraining.FindElements@7fee8714]" started-at="2021-12-22T18:52:27 CST" name="beforeMethod" finished-at="2021-12-22T18:52:31 CST" duration-ms="4009" status="PASS">
          <params>
            <param index="0">
              <value>
                <![CDATA[Edge]]>
              </value>
            </param>
            <param index="1">
              <value>
                <![CDATA[https://www.facebook.com/]]>
              </value>
            </param>
          </params>
          <reporter-output>
          </reporter-output>
        </test-method> <!-- beforeMethod -->
        <test-method signature="proprtisOfMethod()[pri:0, instance:PeopleNtech.Automationtraining.FindElements@7fee8714]" started-at="2021-12-22T18:52:31 CST" name="proprtisOfMethod" finished-at="2021-12-22T18:52:37 CST" duration-ms="6233" status="PASS">
          <reporter-output>
          </reporter-output>
        </test-method> <!-- proprtisOfMethod -->
        <test-method is-config="true" signature="afterMethod()[pri:0, instance:PeopleNtech.Automationtraining.FindElements@7fee8714]" started-at="2021-12-22T18:52:42 CST" name="afterMethod" finished-at="2021-12-22T18:52:52 CST" duration-ms="10139" status="PASS">
          <reporter-output>
          </reporter-output>
        </test-method> <!-- afterMethod -->
      </class> <!-- PeopleNtech.Automationtraining.FindElements -->
    </test> <!-- regretionOfEdge -->
  </suite> <!-- Adhoc -->
</testng-results>
